Arguments: 
  C:\Program Files\nodejs\node.exe C:\Users\MGWY\AppData\Roaming\npm\node_modules\yarn\bin\yarn.js add webpack webpack-cli -D

PATH: 
  D:\mySQL\mysql\bin;D:\VM虚拟机\bin\;%S;stemRoot%\system32;C:\Windows;C:\Windows\System32\Wbem;C:\Windows\System32\WindowsPowerShell\v1.0\;C:\Windows\System32\OpenSSH\;C:\Program Files\Git\cmd;C:\Program Files;C:\Windows\System32;C:\Program Files\nodejs\;D:\Python\Scripts\;D:\Python\;C:\Users\MGWY\AppData\Local\Microsoft\WindowsApps;D:\Microsoft VS Code\bin;C:\Users\MGWY\AppData\Roaming\npm

Yarn version: 
  1.22.19

Node version: 
  16.15.1

Platform: 
  win32 x64

Trace: 
  Error: connect ECONNABORTED 104.16.25.35:443
      at TCPConnectWrap.afterConnect [as oncomplete] (node:net:1187:16)

npm manifest: 
  {
      "name": "base",
      "version": "1.0.0",
      "main": "index.js",
      "license": "MIT",
      "scripts": {
          "build": "webpack"
      }
  }

yarn manifest: 
  No manifest

Lockfile: 
  No lockfile
